2024-09-09 09:20:08 - Starting CicdApplication using Java 22 with PID 28592 (C:\Ws\CICD\cicd\target\classes started by Mauricio in C:\Ws\CICD\cicd)
2024-09-09 09:20:08 - The following 1 profile is active: "dev"
2024-09-09 09:20:08 - Devtools property defaults active! Set 'spring.devtools.add-properties' to 'false' to disable
2024-09-09 09:20:08 - For additional web related logging consider setting the 'logging.level.web' property to 'DEBUG'
2024-09-09 09:20:08 - Bootstrapping Spring Data JPA repositories in DEFAULT mode.
2024-09-09 09:20:08 - Finished Spring Data repository scanning in 23 ms. Found 3 JPA repository interfaces.
2024-09-09 09:20:08 - Tomcat initialized with port 8080 (http)
2024-09-09 09:20:08 - Initializing ProtocolHandler ["http-nio-8080"]
2024-09-09 09:20:08 - Starting service [Tomcat]
2024-09-09 09:20:08 - Starting Servlet engine: [Apache Tomcat/10.1.28]
2024-09-09 09:20:08 - Initializing Spring embedded WebApplicationContext
2024-09-09 09:20:08 - Root WebApplicationContext: initialization completed in 865 ms
2024-09-09 09:20:09 - HikariPool-1 - Starting...
2024-09-09 09:20:09 - HikariPool-1 - Added connection org.postgresql.jdbc.PgConnection@3be12af8
2024-09-09 09:20:09 - HikariPool-1 - Start completed.
2024-09-09 09:20:09 - HHH000204: Processing PersistenceUnitInfo [name: default]
2024-09-09 09:20:09 - HHH000412: Hibernate ORM core version 6.5.2.Final
2024-09-09 09:20:09 - HHH000026: Second-level cache disabled
2024-09-09 09:20:09 - No LoadTimeWeaver setup: ignoring JPA class transformer
2024-09-09 09:20:09 - HHH000489: No JTA platform available (set 'hibernate.transaction.jta.platform' to enable JTA platform integration)
2024-09-09 09:20:09 - Initialized JPA EntityManagerFactory for persistence unit 'default'
2024-09-09 09:20:10 - spring.jpa.open-in-view is enabled by default. Therefore, database queries may be performed during view rendering. Explicitly configure spring.jpa.open-in-view to disable this warning
2024-09-09 09:20:10 - LiveReload server is running on port 35729
2024-09-09 09:20:10 - Starting ProtocolHandler ["http-nio-8080"]
2024-09-09 09:20:10 - Tomcat started on port 8080 (http) with context path '/'
2024-09-09 09:20:10 - Tomcat initialized with port 8083 (http)
2024-09-09 09:20:10 - Initializing ProtocolHandler ["http-nio-8083"]
2024-09-09 09:20:10 - Starting service [Tomcat]
2024-09-09 09:20:10 - Starting Servlet engine: [Apache Tomcat/10.1.28]
2024-09-09 09:20:10 - Initializing Spring embedded WebApplicationContext
2024-09-09 09:20:10 - Root WebApplicationContext: initialization completed in 45 ms
2024-09-09 09:20:10 - Exposing 5 endpoints beneath base path '/actuator'
2024-09-09 09:20:10 - Starting ProtocolHandler ["http-nio-8083"]
2024-09-09 09:20:10 - Tomcat started on port 8083 (http) with context path '/'
2024-09-09 09:20:10 - Started CicdApplication in 2.951 seconds (process running for 3.478)
2024-09-09 09:20:10 - Initializing Spring DispatcherServlet 'dispatcherServlet'
